{"C:\\Users\\Public\\Downloads\\NodeJS-Workspace\\Private-API\\Product-Backend-Service\\src\\app.ts": {"path":"C:\\Users\\Public\\Downloads\\NodeJS-Workspace\\Private-API\\Product-Backend-Service\\src\\app.ts","statementMap":{"0":{"start":{"line":1,"column":0},"end":{"line":1,"column":30}},"1":{"start":{"line":2,"column":0},"end":{"line":2,"column":52}},"2":{"start":{"line":3,"column":0},"end":{"line":3,"column":46}},"3":{"start":{"line":4,"column":0},"end":{"line":4,"column":27}},"4":{"start":{"line":5,"column":0},"end":{"line":5,"column":null}},"5":{"start":{"line":6,"column":0},"end":{"line":6,"column":30}},"6":{"start":{"line":8,"column":12},"end":{"line":8,"column":21}},"7":{"start":{"line":11,"column":0},"end":{"line":11,"column":24}},"8":{"start":{"line":14,"column":0},"end":{"line":14,"column":40}},"9":{"start":{"line":15,"column":0},"end":{"line":15,"column":33}},"10":{"start":{"line":17,"column":0},"end":{"line":17,"column":19}}},"fnMap":{},"branchMap":{},"s":{"0":2,"1":2,"2":2,"3":2,"4":2,"5":2,"6":2,"7":2,"8":2,"9":2,"10":2},"f":{},"b":{}}
,"C:\\Users\\Public\\Downloads\\NodeJS-Workspace\\Private-API\\Product-Backend-Service\\src\\__test__\\db\\testDatabase.ts": {"path":"C:\\Users\\Public\\Downloads\\NodeJS-Workspace\\Private-API\\Product-Backend-Service\\src\\__test__\\db\\testDatabase.ts","statementMap":{"0":{"start":{"line":2,"column":0},"end":{"line":2,"column":32}},"1":{"start":{"line":4,"column":25},"end":{"line":12,"column":2}},"2":{"start":{"line":4,"column":36},"end":{"line":12,"column":2}},"3":{"start":{"line":5,"column":2},"end":{"line":7,"column":null}},"4":{"start":{"line":6,"column":4},"end":{"line":6,"column":71}},"5":{"start":{"line":8,"column":2},"end":{"line":8,"column":37}},"6":{"start":{"line":9,"column":2},"end":{"line":11,"column":null}},"7":{"start":{"line":10,"column":4},"end":{"line":10,"column":52}},"8":{"start":{"line":4,"column":13},"end":{"line":4,"column":25}},"9":{"start":{"line":14,"column":23},"end":{"line":18,"column":2}},"10":{"start":{"line":14,"column":34},"end":{"line":18,"column":2}},"11":{"start":{"line":15,"column":2},"end":{"line":17,"column":null}},"12":{"start":{"line":16,"column":4},"end":{"line":16,"column":38}},"13":{"start":{"line":14,"column":13},"end":{"line":14,"column":23}}},"fnMap":{"0":{"name":"(anonymous_8)","decl":{"start":{"line":4,"column":25},"end":{"line":4,"column":34}},"loc":{"start":{"line":4,"column":36},"end":{"line":12,"column":2}}},"1":{"name":"(anonymous_9)","decl":{"start":{"line":4,"column":36},"end":{"line":4,"column":null}},"loc":{"start":{"line":4,"column":36},"end":{"line":12,"column":1}}},"2":{"name":"(anonymous_10)","decl":{"start":{"line":14,"column":23},"end":{"line":14,"column":32}},"loc":{"start":{"line":14,"column":34},"end":{"line":18,"column":2}}},"3":{"name":"(anonymous_11)","decl":{"start":{"line":14,"column":34},"end":{"line":14,"column":null}},"loc":{"start":{"line":14,"column":34},"end":{"line":18,"column":1}}}},"branchMap":{"0":{"loc":{"start":{"line":5,"column":2},"end":{"line":7,"column":null}},"type":"if","locations":[{"start":{"line":5,"column":2},"end":{"line":7,"column":null}}]},"1":{"loc":{"start":{"line":9,"column":2},"end":{"line":11,"column":null}},"type":"if","locations":[{"start":{"line":9,"column":2},"end":{"line":11,"column":null}}]},"2":{"loc":{"start":{"line":15,"column":2},"end":{"line":17,"column":null}},"type":"if","locations":[{"start":{"line":15,"column":2},"end":{"line":17,"column":null}}]}},"s":{"0":2,"1":2,"2":2,"3":2,"4":0,"5":2,"6":2,"7":0,"8":2,"9":2,"10":2,"11":2,"12":2,"13":2},"f":{"0":2,"1":2,"2":2,"3":2},"b":{"0":[0],"1":[0],"2":[2]}}
,"C:\\Users\\Public\\Downloads\\NodeJS-Workspace\\Private-API\\Product-Backend-Service\\src\\controller\\auth.controller.ts": {"path":"C:\\Users\\Public\\Downloads\\NodeJS-Workspace\\Private-API\\Product-Backend-Service\\src\\controller\\auth.controller.ts","statementMap":{"0":{"start":{"line":2,"column":0},"end":{"line":2,"column":56}},"1":{"start":{"line":3,"column":0},"end":{"line":3,"column":42}},"2":{"start":{"line":5,"column":24},"end":{"line":11,"column":2}},"3":{"start":{"line":5,"column":62},"end":{"line":11,"column":2}},"4":{"start":{"line":6,"column":30},"end":{"line":6,"column":38}},"5":{"start":{"line":7,"column":19},"end":{"line":7,"column":47}},"6":{"start":{"line":9,"column":19},"end":{"line":9,"column":55}},"7":{"start":{"line":10,"column":2},"end":{"line":10,"column":71}},"8":{"start":{"line":5,"column":13},"end":{"line":5,"column":24}},"9":{"start":{"line":13,"column":21},"end":{"line":19,"column":2}},"10":{"start":{"line":13,"column":59},"end":{"line":19,"column":2}},"11":{"start":{"line":14,"column":30},"end":{"line":14,"column":38}},"12":{"start":{"line":15,"column":19},"end":{"line":15,"column":47}},"13":{"start":{"line":17,"column":19},"end":{"line":17,"column":52}},"14":{"start":{"line":18,"column":2},"end":{"line":18,"column":71}},"15":{"start":{"line":13,"column":13},"end":{"line":13,"column":21}}},"fnMap":{"0":{"name":"(anonymous_13)","decl":{"start":{"line":5,"column":24},"end":{"line":5,"column":31}},"loc":{"start":{"line":5,"column":62},"end":{"line":11,"column":2}}},"1":{"name":"(anonymous_14)","decl":{"start":{"line":5,"column":62},"end":{"line":5,"column":null}},"loc":{"start":{"line":5,"column":62},"end":{"line":11,"column":1}}},"2":{"name":"(anonymous_15)","decl":{"start":{"line":13,"column":21},"end":{"line":13,"column":28}},"loc":{"start":{"line":13,"column":59},"end":{"line":19,"column":2}}},"3":{"name":"(anonymous_16)","decl":{"start":{"line":13,"column":59},"end":{"line":13,"column":null}},"loc":{"start":{"line":13,"column":59},"end":{"line":19,"column":1}}}},"branchMap":{"0":{"loc":{"start":{"line":10,"column":13},"end":{"line":10,"column":54}},"type":"cond-expr","locations":[{"start":{"line":10,"column":45},"end":{"line":10,"column":48}},{"start":{"line":10,"column":51},"end":{"line":10,"column":54}}]},"1":{"loc":{"start":{"line":18,"column":13},"end":{"line":18,"column":54}},"type":"cond-expr","locations":[{"start":{"line":18,"column":45},"end":{"line":18,"column":48}},{"start":{"line":18,"column":51},"end":{"line":18,"column":54}}]}},"s":{"0":2,"1":2,"2":2,"3":2,"4":2,"5":2,"6":2,"7":2,"8":2,"9":2,"10":2,"11":2,"12":2,"13":2,"14":2,"15":2},"f":{"0":2,"1":2,"2":2,"3":2},"b":{"0":[2,0],"1":[2,0]}}
,"C:\\Users\\Public\\Downloads\\NodeJS-Workspace\\Private-API\\Product-Backend-Service\\src\\controller\\product.controller.ts": {"path":"C:\\Users\\Public\\Downloads\\NodeJS-Workspace\\Private-API\\Product-Backend-Service\\src\\controller\\product.controller.ts","statementMap":{"0":{"start":{"line":2,"column":0},"end":{"line":2,"column":62}},"1":{"start":{"line":3,"column":0},"end":{"line":3,"column":61}},"2":{"start":{"line":4,"column":0},"end":{"line":4,"column":61}},"3":{"start":{"line":5,"column":0},"end":{"line":5,"column":46}},"4":{"start":{"line":7,"column":29},"end":{"line":13,"column":2}},"5":{"start":{"line":7,"column":67},"end":{"line":13,"column":2}},"6":{"start":{"line":8,"column":49},"end":{"line":8,"column":57}},"7":{"start":{"line":9,"column":22},"end":{"line":9,"column":78}},"8":{"start":{"line":11,"column":19},"end":{"line":11,"column":66}},"9":{"start":{"line":12,"column":2},"end":{"line":12,"column":71}},"10":{"start":{"line":7,"column":13},"end":{"line":7,"column":29}},"11":{"start":{"line":15,"column":26},"end":{"line":18,"column":2}},"12":{"start":{"line":15,"column":64},"end":{"line":18,"column":2}},"13":{"start":{"line":16,"column":19},"end":{"line":16,"column":72}},"14":{"start":{"line":17,"column":2},"end":{"line":17,"column":33}},"15":{"start":{"line":15,"column":13},"end":{"line":15,"column":26}},"16":{"start":{"line":20,"column":30},"end":{"line":30,"column":2}},"17":{"start":{"line":20,"column":69},"end":{"line":30,"column":2}},"18":{"start":{"line":25,"column":8},"end":{"line":25,"column":55}},"19":{"start":{"line":27,"column":4},"end":{"line":27,"column":null}},"20":{"start":{"line":27,"column":14},"end":{"line":27,"column":null}},"21":{"start":{"line":29,"column":4},"end":{"line":29,"column":null}},"22":{"start":{"line":20,"column":13},"end":{"line":20,"column":30}},"23":{"start":{"line":32,"column":29},"end":{"line":41,"column":2}},"24":{"start":{"line":32,"column":67},"end":{"line":41,"column":2}},"25":{"start":{"line":33,"column":49},"end":{"line":33,"column":57}},"26":{"start":{"line":34,"column":22},"end":{"line":34,"column":78}},"27":{"start":{"line":36,"column":19},"end":{"line":38,"column":null}},"28":{"start":{"line":40,"column":2},"end":{"line":40,"column":33}},"29":{"start":{"line":32,"column":13},"end":{"line":32,"column":29}},"30":{"start":{"line":43,"column":29},"end":{"line":46,"column":2}},"31":{"start":{"line":43,"column":67},"end":{"line":46,"column":2}},"32":{"start":{"line":44,"column":19},"end":{"line":44,"column":75}},"33":{"start":{"line":45,"column":2},"end":{"line":45,"column":33}},"34":{"start":{"line":43,"column":13},"end":{"line":43,"column":29}}},"fnMap":{"0":{"name":"(anonymous_13)","decl":{"start":{"line":7,"column":29},"end":{"line":7,"column":36}},"loc":{"start":{"line":7,"column":67},"end":{"line":13,"column":2}}},"1":{"name":"(anonymous_14)","decl":{"start":{"line":7,"column":67},"end":{"line":7,"column":null}},"loc":{"start":{"line":7,"column":67},"end":{"line":13,"column":1}}},"2":{"name":"(anonymous_15)","decl":{"start":{"line":15,"column":26},"end":{"line":15,"column":33}},"loc":{"start":{"line":15,"column":64},"end":{"line":18,"column":2}}},"3":{"name":"(anonymous_16)","decl":{"start":{"line":15,"column":64},"end":{"line":15,"column":null}},"loc":{"start":{"line":15,"column":64},"end":{"line":18,"column":1}}},"4":{"name":"(anonymous_17)","decl":{"start":{"line":20,"column":30},"end":{"line":20,"column":37}},"loc":{"start":{"line":20,"column":69},"end":{"line":30,"column":2}}},"5":{"name":"(anonymous_18)","decl":{"start":{"line":20,"column":69},"end":{"line":20,"column":null}},"loc":{"start":{"line":20,"column":69},"end":{"line":30,"column":1}}},"6":{"name":"(anonymous_19)","decl":{"start":{"line":32,"column":29},"end":{"line":32,"column":36}},"loc":{"start":{"line":32,"column":67},"end":{"line":41,"column":2}}},"7":{"name":"(anonymous_20)","decl":{"start":{"line":32,"column":67},"end":{"line":32,"column":null}},"loc":{"start":{"line":32,"column":67},"end":{"line":41,"column":1}}},"8":{"name":"(anonymous_21)","decl":{"start":{"line":43,"column":29},"end":{"line":43,"column":36}},"loc":{"start":{"line":43,"column":67},"end":{"line":46,"column":2}}},"9":{"name":"(anonymous_22)","decl":{"start":{"line":43,"column":67},"end":{"line":43,"column":null}},"loc":{"start":{"line":43,"column":67},"end":{"line":46,"column":1}}}},"branchMap":{"0":{"loc":{"start":{"line":12,"column":13},"end":{"line":12,"column":54}},"type":"cond-expr","locations":[{"start":{"line":12,"column":45},"end":{"line":12,"column":48}},{"start":{"line":12,"column":51},"end":{"line":12,"column":54}}]},"1":{"loc":{"start":{"line":27,"column":4},"end":{"line":27,"column":null}},"type":"if","locations":[{"start":{"line":27,"column":4},"end":{"line":27,"column":null}}]}},"s":{"0":2,"1":2,"2":2,"3":2,"4":2,"5":3,"6":3,"7":3,"8":3,"9":3,"10":2,"11":2,"12":1,"13":1,"14":1,"15":2,"16":2,"17":2,"18":2,"19":2,"20":0,"21":2,"22":2,"23":2,"24":1,"25":1,"26":1,"27":1,"28":1,"29":2,"30":2,"31":1,"32":1,"33":1,"34":2},"f":{"0":3,"1":3,"2":1,"3":1,"4":2,"5":2,"6":1,"7":1,"8":1,"9":1},"b":{"0":[3,0],"1":[0]}}
,"C:\\Users\\Public\\Downloads\\NodeJS-Workspace\\Private-API\\Product-Backend-Service\\src\\db\\database.ts": {"path":"C:\\Users\\Public\\Downloads\\NodeJS-Workspace\\Private-API\\Product-Backend-Service\\src\\db\\database.ts","statementMap":{"0":{"start":{"line":1,"column":0},"end":{"line":1,"column":32}},"1":{"start":{"line":3,"column":0},"end":{"line":5,"column":null}},"2":{"start":{"line":4,"column":4},"end":{"line":4,"column":32}},"3":{"start":{"line":7,"column":0},"end":{"line":9,"column":null}},"4":{"start":{"line":8,"column":4},"end":{"line":8,"column":82}},"5":{"start":{"line":11,"column":19},"end":{"line":11,"column":104}},"6":{"start":{"line":13,"column":0},"end":{"line":17,"column":3}},"7":{"start":{"line":15,"column":4},"end":{"line":15,"column":62}},"8":{"start":{"line":16,"column":4},"end":{"line":16,"column":20}},"9":{"start":{"line":19,"column":0},"end":{"line":19,"column":34}},"10":{"start":{"line":21,"column":11},"end":{"line":21,"column":30}},"11":{"start":{"line":23,"column":0},"end":{"line":25,"column":3}},"12":{"start":{"line":24,"column":4},"end":{"line":24,"column":39}},"13":{"start":{"line":27,"column":0},"end":{"line":30,"column":3}},"14":{"start":{"line":28,"column":4},"end":{"line":28,"column":54}},"15":{"start":{"line":29,"column":4},"end":{"line":29,"column":20}},"16":{"start":{"line":32,"column":0},"end":{"line":37,"column":3}},"17":{"start":{"line":33,"column":4},"end":{"line":36,"column":7}},"18":{"start":{"line":34,"column":8},"end":{"line":34,"column":45}},"19":{"start":{"line":35,"column":8},"end":{"line":35,"column":24}},"20":{"start":{"line":39,"column":1},"end":{"line":39,"column":24}}},"fnMap":{"0":{"name":"(anonymous_1)","decl":{"start":{"line":14,"column":9},"end":{"line":14,"column":14}},"loc":{"start":{"line":14,"column":17},"end":{"line":17,"column":1}}},"1":{"name":"(anonymous_2)","decl":{"start":{"line":23,"column":19},"end":{"line":23,"column":22}},"loc":{"start":{"line":23,"column":24},"end":{"line":25,"column":1}}},"2":{"name":"(anonymous_3)","decl":{"start":{"line":27,"column":15},"end":{"line":27,"column":16}},"loc":{"start":{"line":27,"column":32},"end":{"line":30,"column":1}}},"3":{"name":"(anonymous_4)","decl":{"start":{"line":32,"column":21},"end":{"line":32,"column":24}},"loc":{"start":{"line":32,"column":26},"end":{"line":37,"column":1}}},"4":{"name":"(anonymous_5)","decl":{"start":{"line":33,"column":13},"end":{"line":33,"column":16}},"loc":{"start":{"line":33,"column":18},"end":{"line":36,"column":5}}}},"branchMap":{"0":{"loc":{"start":{"line":3,"column":0},"end":{"line":5,"column":null}},"type":"if","locations":[{"start":{"line":3,"column":0},"end":{"line":5,"column":null}}]},"1":{"loc":{"start":{"line":7,"column":0},"end":{"line":9,"column":null}},"type":"if","locations":[{"start":{"line":7,"column":0},"end":{"line":9,"column":null}}]},"2":{"loc":{"start":{"line":7,"column":4},"end":{"line":7,"column":58}},"type":"binary-expr","locations":[{"start":{"line":7,"column":4},"end":{"line":7,"column":28}},{"start":{"line":7,"column":32},"end":{"line":7,"column":58}}]}},"s":{"0":2,"1":2,"2":0,"3":2,"4":0,"5":2,"6":2,"7":0,"8":0,"9":2,"10":2,"11":2,"12":2,"13":2,"14":0,"15":0,"16":2,"17":0,"18":0,"19":0,"20":2},"f":{"0":0,"1":2,"2":0,"3":0,"4":0},"b":{"0":[0],"1":[0],"2":[2,2]}}
,"C:\\Users\\Public\\Downloads\\NodeJS-Workspace\\Private-API\\Product-Backend-Service\\src\\dto\\auth.dto.ts": {"path":"C:\\Users\\Public\\Downloads\\NodeJS-Workspace\\Private-API\\Product-Backend-Service\\src\\dto\\auth.dto.ts","statementMap":{"0":{"start":{"line":6,"column":6},"end":{"line":6,"column":25}},"1":{"start":{"line":7,"column":6},"end":{"line":7,"column":31}},"2":{"start":{"line":1,"column":0},"end":{"line":1,"column":13}}},"fnMap":{"0":{"name":"(anonymous_0)","decl":{"start":{"line":5,"column":4},"end":{"line":5,"column":16}},"loc":{"start":{"line":5,"column":47},"end":{"line":8,"column":5}}}},"branchMap":{},"s":{"0":4,"1":4,"2":2},"f":{"0":4},"b":{}}
,"C:\\Users\\Public\\Downloads\\NodeJS-Workspace\\Private-API\\Product-Backend-Service\\src\\dto\\create-product.dto.ts": {"path":"C:\\Users\\Public\\Downloads\\NodeJS-Workspace\\Private-API\\Product-Backend-Service\\src\\dto\\create-product.dto.ts","statementMap":{"0":{"start":{"line":8,"column":6},"end":{"line":8,"column":23}},"1":{"start":{"line":9,"column":6},"end":{"line":9,"column":37}},"2":{"start":{"line":10,"column":6},"end":{"line":10,"column":25}},"3":{"start":{"line":11,"column":6},"end":{"line":11,"column":31}},"4":{"start":{"line":1,"column":0},"end":{"line":1,"column":13}}},"fnMap":{"0":{"name":"(anonymous_0)","decl":{"start":{"line":7,"column":4},"end":{"line":7,"column":16}},"loc":{"start":{"line":7,"column":82},"end":{"line":12,"column":5}}}},"branchMap":{},"s":{"0":3,"1":3,"2":3,"3":3,"4":2},"f":{"0":3},"b":{}}
,"C:\\Users\\Public\\Downloads\\NodeJS-Workspace\\Private-API\\Product-Backend-Service\\src\\dto\\update-product.dto.ts": {"path":"C:\\Users\\Public\\Downloads\\NodeJS-Workspace\\Private-API\\Product-Backend-Service\\src\\dto\\update-product.dto.ts","statementMap":{"0":{"start":{"line":8,"column":6},"end":{"line":8,"column":23}},"1":{"start":{"line":9,"column":6},"end":{"line":9,"column":37}},"2":{"start":{"line":10,"column":6},"end":{"line":10,"column":25}},"3":{"start":{"line":11,"column":6},"end":{"line":11,"column":31}},"4":{"start":{"line":1,"column":0},"end":{"line":1,"column":13}}},"fnMap":{"0":{"name":"(anonymous_0)","decl":{"start":{"line":7,"column":4},"end":{"line":7,"column":16}},"loc":{"start":{"line":7,"column":86},"end":{"line":12,"column":5}}}},"branchMap":{},"s":{"0":1,"1":1,"2":1,"3":1,"4":2},"f":{"0":1},"b":{}}
,"C:\\Users\\Public\\Downloads\\NodeJS-Workspace\\Private-API\\Product-Backend-Service\\src\\middleware\\auth.middleware.ts": {"path":"C:\\Users\\Public\\Downloads\\NodeJS-Workspace\\Private-API\\Product-Backend-Service\\src\\middleware\\auth.middleware.ts","statementMap":{"0":{"start":{"line":2,"column":0},"end":{"line":2,"column":31}},"1":{"start":{"line":5,"column":23},"end":{"line":17,"column":1}},"2":{"start":{"line":6,"column":16},"end":{"line":6,"column":56}},"3":{"start":{"line":7,"column":2},"end":{"line":9,"column":null}},"4":{"start":{"line":8,"column":4},"end":{"line":8,"column":70}},"5":{"start":{"line":10,"column":2},"end":{"line":16,"column":null}},"6":{"start":{"line":11,"column":20},"end":{"line":11,"column":62}},"7":{"start":{"line":12,"column":4},"end":{"line":12,"column":46}},"8":{"start":{"line":13,"column":4},"end":{"line":13,"column":11}},"9":{"start":{"line":15,"column":4},"end":{"line":15,"column":62}},"10":{"start":{"line":19,"column":0},"end":{"line":19,"column":30}}},"fnMap":{"0":{"name":"(anonymous_1)","decl":{"start":{"line":5,"column":23},"end":{"line":5,"column":24}},"loc":{"start":{"line":5,"column":75},"end":{"line":17,"column":1}}}},"branchMap":{"0":{"loc":{"start":{"line":6,"column":16},"end":{"line":6,"column":56}},"type":"cond-expr","locations":[{"start":{"line":6,"column":41},"end":{"line":6,"column":43}},{"start":{"line":6,"column":41},"end":{"line":6,"column":56}}]},"1":{"loc":{"start":{"line":6,"column":16},"end":{"line":6,"column":43}},"type":"binary-expr","locations":[{"start":{"line":6,"column":16},"end":{"line":6,"column":43}},{"start":{"line":6,"column":41},"end":{"line":6,"column":43}}]},"2":{"loc":{"start":{"line":7,"column":2},"end":{"line":9,"column":null}},"type":"if","locations":[{"start":{"line":7,"column":2},"end":{"line":9,"column":null}}]}},"s":{"0":2,"1":2,"2":5,"3":5,"4":0,"5":5,"6":5,"7":5,"8":5,"9":0,"10":2},"f":{"0":5},"b":{"0":[0,5],"1":[5,5],"2":[0]}}
,"C:\\Users\\Public\\Downloads\\NodeJS-Workspace\\Private-API\\Product-Backend-Service\\src\\models\\product.model.ts": {"path":"C:\\Users\\Public\\Downloads\\NodeJS-Workspace\\Private-API\\Product-Backend-Service\\src\\models\\product.model.ts","statementMap":{"0":{"start":{"line":1,"column":0},"end":{"line":1,"column":44}},"1":{"start":{"line":2,"column":0},"end":{"line":2,"column":52}},"2":{"start":{"line":5,"column":30},"end":{"line":24,"column":null}},"3":{"start":{"line":28,"column":0},"end":{"line":28,"column":39}},"4":{"start":{"line":30,"column":0},"end":{"line":30,"column":66}}},"fnMap":{},"branchMap":{},"s":{"0":2,"1":2,"2":2,"3":2,"4":2},"f":{},"b":{}}
,"C:\\Users\\Public\\Downloads\\NodeJS-Workspace\\Private-API\\Product-Backend-Service\\src\\models\\user.model.ts": {"path":"C:\\Users\\Public\\Downloads\\NodeJS-Workspace\\Private-API\\Product-Backend-Service\\src\\models\\user.model.ts","statementMap":{"0":{"start":{"line":1,"column":0},"end":{"line":1,"column":44}},"1":{"start":{"line":4,"column":19},"end":{"line":4,"column":53}},"2":{"start":{"line":7,"column":27},"end":{"line":18,"column":2}},"3":{"start":{"line":20,"column":0},"end":{"line":20,"column":57}}},"fnMap":{},"branchMap":{},"s":{"0":2,"1":2,"2":2,"3":2},"f":{},"b":{}}
,"C:\\Users\\Public\\Downloads\\NodeJS-Workspace\\Private-API\\Product-Backend-Service\\src\\routes\\auth.routes.ts": {"path":"C:\\Users\\Public\\Downloads\\NodeJS-Workspace\\Private-API\\Product-Backend-Service\\src\\routes\\auth.routes.ts","statementMap":{"0":{"start":{"line":1,"column":0},"end":{"line":1,"column":33}},"1":{"start":{"line":2,"column":0},"end":{"line":2,"column":63}},"2":{"start":{"line":3,"column":14},"end":{"line":3,"column":22}},"3":{"start":{"line":6,"column":0},"end":{"line":6,"column":53}},"4":{"start":{"line":9,"column":0},"end":{"line":9,"column":null}},"5":{"start":{"line":13,"column":0},"end":{"line":13,"column":null}}},"fnMap":{},"branchMap":{},"s":{"0":2,"1":2,"2":2,"3":2,"4":2,"5":2},"f":{},"b":{}}
,"C:\\Users\\Public\\Downloads\\NodeJS-Workspace\\Private-API\\Product-Backend-Service\\src\\routes\\product.routes.ts": {"path":"C:\\Users\\Public\\Downloads\\NodeJS-Workspace\\Private-API\\Product-Backend-Service\\src\\routes\\product.routes.ts","statementMap":{"0":{"start":{"line":1,"column":0},"end":{"line":1,"column":33}},"1":{"start":{"line":2,"column":0},"end":{"line":2,"column":70}},"2":{"start":{"line":3,"column":0},"end":{"line":3,"column":59}},"3":{"start":{"line":5,"column":15},"end":{"line":5,"column":23}},"4":{"start":{"line":7,"column":0},"end":{"line":7,"column":66}},"5":{"start":{"line":9,"column":0},"end":{"line":9,"column":56}},"6":{"start":{"line":11,"column":0},"end":{"line":11,"column":50}},"7":{"start":{"line":13,"column":0},"end":{"line":13,"column":75}},"8":{"start":{"line":15,"column":0},"end":{"line":15,"column":78}},"9":{"start":{"line":17,"column":0},"end":{"line":17,"column":22}}},"fnMap":{},"branchMap":{},"s":{"0":2,"1":2,"2":2,"3":2,"4":2,"5":2,"6":2,"7":2,"8":2,"9":2},"f":{},"b":{}}
,"C:\\Users\\Public\\Downloads\\NodeJS-Workspace\\Private-API\\Product-Backend-Service\\src\\services\\auth.service.ts": {"path":"C:\\Users\\Public\\Downloads\\NodeJS-Workspace\\Private-API\\Product-Backend-Service\\src\\services\\auth.service.ts","statementMap":{"0":{"start":{"line":1,"column":0},"end":{"line":1,"column":40}},"1":{"start":{"line":2,"column":0},"end":{"line":2,"column":30}},"2":{"start":{"line":3,"column":0},"end":{"line":3,"column":31}},"3":{"start":{"line":6,"column":0},"end":{"line":6,"column":62}},"4":{"start":{"line":7,"column":0},"end":{"line":7,"column":48}},"5":{"start":{"line":9,"column":24},"end":{"line":54,"column":2}},"6":{"start":{"line":9,"column":74},"end":{"line":54,"column":2}},"7":{"start":{"line":10,"column":2},"end":{"line":53,"column":null}},"8":{"start":{"line":11,"column":27},"end":{"line":11,"column":66}},"9":{"start":{"line":13,"column":4},"end":{"line":19,"column":null}},"10":{"start":{"line":14,"column":6},"end":{"line":18,"column":8}},"11":{"start":{"line":20,"column":22},"end":{"line":23,"column":null}},"12":{"start":{"line":22,"column":8},"end":{"line":22,"column":36}},"13":{"start":{"line":25,"column":4},"end":{"line":31,"column":null}},"14":{"start":{"line":26,"column":6},"end":{"line":30,"column":8}},"15":{"start":{"line":33,"column":27},"end":{"line":33,"column":66}},"16":{"start":{"line":34,"column":20},"end":{"line":37,"column":6}},"17":{"start":{"line":39,"column":4},"end":{"line":39,"column":25}},"18":{"start":{"line":41,"column":4},"end":{"line":45,"column":6}},"19":{"start":{"line":47,"column":4},"end":{"line":47,"column":null}},"20":{"start":{"line":48,"column":4},"end":{"line":52,"column":6}},"21":{"start":{"line":9,"column":13},"end":{"line":9,"column":24}},"22":{"start":{"line":56,"column":21},"end":{"line":89,"column":2}},"23":{"start":{"line":56,"column":71},"end":{"line":89,"column":2}},"24":{"start":{"line":57,"column":2},"end":{"line":88,"column":null}},"25":{"start":{"line":58,"column":27},"end":{"line":58,"column":65}},"26":{"start":{"line":59,"column":4},"end":{"line":65,"column":null}},"27":{"start":{"line":60,"column":6},"end":{"line":64,"column":8}},"28":{"start":{"line":66,"column":17},"end":{"line":66,"column":61}},"29":{"start":{"line":67,"column":4},"end":{"line":73,"column":null}},"30":{"start":{"line":68,"column":6},"end":{"line":72,"column":8}},"31":{"start":{"line":75,"column":18},"end":{"line":77,"column":6}},"32":{"start":{"line":78,"column":4},"end":{"line":81,"column":6}},"33":{"start":{"line":83,"column":4},"end":{"line":83,"column":77}},"34":{"start":{"line":84,"column":4},"end":{"line":87,"column":6}},"35":{"start":{"line":56,"column":13},"end":{"line":56,"column":21}}},"fnMap":{"0":{"name":"(anonymous_14)","decl":{"start":{"line":9,"column":24},"end":{"line":9,"column":31}},"loc":{"start":{"line":9,"column":74},"end":{"line":54,"column":2}}},"1":{"name":"(anonymous_15)","decl":{"start":{"line":9,"column":74},"end":{"line":9,"column":null}},"loc":{"start":{"line":9,"column":74},"end":{"line":54,"column":1}}},"2":{"name":"(anonymous_16)","decl":{"start":{"line":21,"column":6},"end":{"line":21,"column":7}},"loc":{"start":{"line":21,"column":14},"end":{"line":23,"column":7}}},"3":{"name":"(anonymous_17)","decl":{"start":{"line":56,"column":21},"end":{"line":56,"column":28}},"loc":{"start":{"line":56,"column":71},"end":{"line":89,"column":2}}},"4":{"name":"(anonymous_18)","decl":{"start":{"line":56,"column":71},"end":{"line":56,"column":null}},"loc":{"start":{"line":56,"column":71},"end":{"line":89,"column":1}}}},"branchMap":{"0":{"loc":{"start":{"line":13,"column":4},"end":{"line":19,"column":null}},"type":"if","locations":[{"start":{"line":13,"column":4},"end":{"line":19,"column":null}}]},"1":{"loc":{"start":{"line":25,"column":4},"end":{"line":31,"column":null}},"type":"if","locations":[{"start":{"line":25,"column":4},"end":{"line":31,"column":null}}]},"2":{"loc":{"start":{"line":59,"column":4},"end":{"line":65,"column":null}},"type":"if","locations":[{"start":{"line":59,"column":4},"end":{"line":65,"column":null}}]},"3":{"loc":{"start":{"line":67,"column":4},"end":{"line":73,"column":null}},"type":"if","locations":[{"start":{"line":67,"column":4},"end":{"line":73,"column":null}}]},"4":{"loc":{"start":{"line":67,"column":8},"end":{"line":67,"column":73}},"type":"binary-expr","locations":[{"start":{"line":67,"column":8},"end":{"line":67,"column":13}},{"start":{"line":67,"column":17},"end":{"line":67,"column":73}}]}},"s":{"0":2,"1":2,"2":2,"3":2,"4":2,"5":2,"6":2,"7":2,"8":2,"9":2,"10":0,"11":2,"12":0,"13":2,"14":0,"15":2,"16":2,"17":2,"18":2,"19":0,"20":0,"21":2,"22":2,"23":2,"24":2,"25":2,"26":2,"27":0,"28":2,"29":2,"30":0,"31":2,"32":2,"33":0,"34":0,"35":2},"f":{"0":2,"1":2,"2":0,"3":2,"4":2},"b":{"0":[0],"1":[0],"2":[0],"3":[0],"4":[2,2]}}
,"C:\\Users\\Public\\Downloads\\NodeJS-Workspace\\Private-API\\Product-Backend-Service\\src\\services\\product.service.ts": {"path":"C:\\Users\\Public\\Downloads\\NodeJS-Workspace\\Private-API\\Product-Backend-Service\\src\\services\\product.service.ts","statementMap":{"0":{"start":{"line":1,"column":0},"end":{"line":1,"column":46}},"1":{"start":{"line":5,"column":0},"end":{"line":5,"column":68}},"2":{"start":{"line":6,"column":0},"end":{"line":6,"column":48}},"3":{"start":{"line":7,"column":0},"end":{"line":7,"column":69}},"4":{"start":{"line":10,"column":29},"end":{"line":38,"column":2}},"5":{"start":{"line":11,"column":29},"end":{"line":38,"column":2}},"6":{"start":{"line":12,"column":2},"end":{"line":37,"column":null}},"7":{"start":{"line":13,"column":27},"end":{"line":13,"column":69}},"8":{"start":{"line":15,"column":4},"end":{"line":21,"column":null}},"9":{"start":{"line":16,"column":6},"end":{"line":20,"column":8}},"10":{"start":{"line":22,"column":20},"end":{"line":22,"column":37}},"11":{"start":{"line":23,"column":25},"end":{"line":23,"column":45}},"12":{"start":{"line":24,"column":4},"end":{"line":28,"column":6}},"13":{"start":{"line":30,"column":4},"end":{"line":30,"column":77}},"14":{"start":{"line":31,"column":4},"end":{"line":36,"column":6}},"15":{"start":{"line":10,"column":13},"end":{"line":10,"column":29}},"16":{"start":{"line":40,"column":26},"end":{"line":67,"column":2}},"17":{"start":{"line":41,"column":29},"end":{"line":67,"column":2}},"18":{"start":{"line":42,"column":2},"end":{"line":66,"column":null}},"19":{"start":{"line":43,"column":20},"end":{"line":43,"column":61}},"20":{"start":{"line":45,"column":4},"end":{"line":52,"column":null}},"21":{"start":{"line":46,"column":6},"end":{"line":51,"column":8}},"22":{"start":{"line":53,"column":4},"end":{"line":57,"column":6}},"23":{"start":{"line":59,"column":4},"end":{"line":59,"column":78}},"24":{"start":{"line":60,"column":4},"end":{"line":65,"column":6}},"25":{"start":{"line":40,"column":13},"end":{"line":40,"column":26}},"26":{"start":{"line":69,"column":30},"end":{"line":94,"column":2}},"27":{"start":{"line":69,"column":85},"end":{"line":94,"column":2}},"28":{"start":{"line":70,"column":2},"end":{"line":93,"column":null}},"29":{"start":{"line":71,"column":25},"end":{"line":71,"column":73}},"30":{"start":{"line":73,"column":17},"end":{"line":73,"column":61}},"31":{"start":{"line":75,"column":21},"end":{"line":78,"column":32}},"32":{"start":{"line":80,"column":4},"end":{"line":84,"column":6}},"33":{"start":{"line":86,"column":4},"end":{"line":86,"column":80}},"34":{"start":{"line":87,"column":4},"end":{"line":92,"column":6}},"35":{"start":{"line":69,"column":13},"end":{"line":69,"column":30}},"36":{"start":{"line":96,"column":29},"end":{"line":130,"column":2}},"37":{"start":{"line":97,"column":29},"end":{"line":130,"column":2}},"38":{"start":{"line":98,"column":2},"end":{"line":129,"column":null}},"39":{"start":{"line":99,"column":27},"end":{"line":99,"column":69}},"40":{"start":{"line":101,"column":4},"end":{"line":107,"column":null}},"41":{"start":{"line":102,"column":6},"end":{"line":106,"column":8}},"42":{"start":{"line":108,"column":27},"end":{"line":113,"column":null}},"43":{"start":{"line":116,"column":4},"end":{"line":120,"column":6}},"44":{"start":{"line":122,"column":4},"end":{"line":122,"column":77}},"45":{"start":{"line":123,"column":4},"end":{"line":128,"column":6}},"46":{"start":{"line":96,"column":13},"end":{"line":96,"column":29}},"47":{"start":{"line":132,"column":29},"end":{"line":159,"column":2}},"48":{"start":{"line":133,"column":29},"end":{"line":159,"column":2}},"49":{"start":{"line":134,"column":2},"end":{"line":158,"column":null}},"50":{"start":{"line":135,"column":19},"end":{"line":135,"column":58}},"51":{"start":{"line":136,"column":3},"end":{"line":142,"column":5}},"52":{"start":{"line":137,"column":4},"end":{"line":141,"column":null}},"53":{"start":{"line":143,"column":3},"end":{"line":143,"column":46}},"54":{"start":{"line":145,"column":3},"end":{"line":149,"column":null}},"55":{"start":{"line":151,"column":4},"end":{"line":151,"column":null}},"56":{"start":{"line":152,"column":4},"end":{"line":157,"column":6}},"57":{"start":{"line":132,"column":13},"end":{"line":132,"column":29}}},"fnMap":{"0":{"name":"(anonymous_14)","decl":{"start":{"line":10,"column":29},"end":{"line":10,"column":37}},"loc":{"start":{"line":11,"column":29},"end":{"line":38,"column":2}}},"1":{"name":"(anonymous_15)","decl":{"start":{"line":11,"column":29},"end":{"line":11,"column":null}},"loc":{"start":{"line":11,"column":29},"end":{"line":38,"column":1}}},"2":{"name":"(anonymous_16)","decl":{"start":{"line":40,"column":26},"end":{"line":40,"column":33}},"loc":{"start":{"line":41,"column":29},"end":{"line":67,"column":2}}},"3":{"name":"(anonymous_17)","decl":{"start":{"line":41,"column":29},"end":{"line":41,"column":null}},"loc":{"start":{"line":41,"column":29},"end":{"line":67,"column":1}}},"4":{"name":"(anonymous_18)","decl":{"start":{"line":69,"column":30},"end":{"line":69,"column":37}},"loc":{"start":{"line":69,"column":85},"end":{"line":94,"column":2}}},"5":{"name":"(anonymous_19)","decl":{"start":{"line":69,"column":85},"end":{"line":69,"column":null}},"loc":{"start":{"line":69,"column":85},"end":{"line":94,"column":1}}},"6":{"name":"(anonymous_20)","decl":{"start":{"line":96,"column":29},"end":{"line":96,"column":36}},"loc":{"start":{"line":97,"column":29},"end":{"line":130,"column":2}}},"7":{"name":"(anonymous_21)","decl":{"start":{"line":97,"column":29},"end":{"line":97,"column":null}},"loc":{"start":{"line":97,"column":29},"end":{"line":130,"column":1}}},"8":{"name":"(anonymous_22)","decl":{"start":{"line":132,"column":29},"end":{"line":132,"column":36}},"loc":{"start":{"line":133,"column":29},"end":{"line":159,"column":2}}},"9":{"name":"(anonymous_23)","decl":{"start":{"line":133,"column":29},"end":{"line":133,"column":null}},"loc":{"start":{"line":133,"column":29},"end":{"line":159,"column":1}}}},"branchMap":{"0":{"loc":{"start":{"line":15,"column":4},"end":{"line":21,"column":null}},"type":"if","locations":[{"start":{"line":15,"column":4},"end":{"line":21,"column":null}}]},"1":{"loc":{"start":{"line":45,"column":4},"end":{"line":52,"column":null}},"type":"if","locations":[{"start":{"line":45,"column":4},"end":{"line":52,"column":null}}]},"2":{"loc":{"start":{"line":101,"column":4},"end":{"line":107,"column":null}},"type":"if","locations":[{"start":{"line":101,"column":4},"end":{"line":107,"column":null}}]},"3":{"loc":{"start":{"line":136,"column":3},"end":{"line":142,"column":5}},"type":"if","locations":[{"start":{"line":136,"column":3},"end":{"line":142,"column":5}}]}},"s":{"0":2,"1":2,"2":2,"3":2,"4":2,"5":3,"6":3,"7":3,"8":3,"9":0,"10":3,"11":3,"12":3,"13":0,"14":0,"15":2,"16":2,"17":1,"18":1,"19":1,"20":0,"21":0,"22":0,"23":1,"24":1,"25":2,"26":2,"27":2,"28":2,"29":2,"30":2,"31":2,"32":2,"33":0,"34":0,"35":2,"36":2,"37":1,"38":1,"39":1,"40":1,"41":0,"42":1,"43":0,"44":1,"45":1,"46":2,"47":2,"48":1,"49":1,"50":1,"51":0,"52":0,"53":0,"54":0,"55":1,"56":1,"57":2},"f":{"0":3,"1":3,"2":1,"3":1,"4":2,"5":2,"6":1,"7":1,"8":1,"9":1},"b":{"0":[0],"1":[0],"2":[0],"3":[0]}}
,"C:\\Users\\Public\\Downloads\\NodeJS-Workspace\\Private-API\\Product-Backend-Service\\src\\utils\\helpers.ts": {"path":"C:\\Users\\Public\\Downloads\\NodeJS-Workspace\\Private-API\\Product-Backend-Service\\src\\utils\\helpers.ts","statementMap":{"0":{"start":{"line":2,"column":0},"end":{"line":2,"column":50}},"1":{"start":{"line":3,"column":0},"end":{"line":3,"column":26}},"2":{"start":{"line":5,"column":29},"end":{"line":5,"column":50}},"3":{"start":{"line":12,"column":27},"end":{"line":12,"column":42}},"4":{"start":{"line":14,"column":2},"end":{"line":14,"column":64}},"5":{"start":{"line":14,"column":51},"end":{"line":14,"column":64}},"6":{"start":{"line":16,"column":2},"end":{"line":30,"column":null}},"7":{"start":{"line":17,"column":4},"end":{"line":20,"column":null}},"8":{"start":{"line":18,"column":6},"end":{"line":18,"column":38}},"9":{"start":{"line":19,"column":6},"end":{"line":19,"column":15}},"10":{"start":{"line":22,"column":4},"end":{"line":25,"column":null}},"11":{"start":{"line":23,"column":6},"end":{"line":23,"column":90}},"12":{"start":{"line":24,"column":6},"end":{"line":24,"column":15}},"13":{"start":{"line":27,"column":4},"end":{"line":29,"column":null}},"14":{"start":{"line":28,"column":6},"end":{"line":28,"column":86}},"15":{"start":{"line":32,"column":2},"end":{"line":32,"column":29}},"16":{"start":{"line":11,"column":0},"end":{"line":11,"column":16}},"17":{"start":{"line":35,"column":13},"end":{"line":35,"column":37}},"18":{"start":{"line":44,"column":24},"end":{"line":54,"column":1}},"19":{"start":{"line":45,"column":20},"end":{"line":47,"column":4}},"20":{"start":{"line":49,"column":2},"end":{"line":51,"column":null}},"21":{"start":{"line":50,"column":4},"end":{"line":50,"column":57}},"22":{"start":{"line":53,"column":2},"end":{"line":53,"column":14}},"23":{"start":{"line":44,"column":13},"end":{"line":44,"column":24}},"24":{"start":{"line":62,"column":49},"end":{"line":136,"column":1}},"25":{"start":{"line":63,"column":19},"end":{"line":68,"column":4}},"26":{"start":{"line":70,"column":2},"end":{"line":133,"column":null}},"27":{"start":{"line":71,"column":4},"end":{"line":73,"column":null}},"28":{"start":{"line":72,"column":6},"end":{"line":72,"column":15}},"29":{"start":{"line":75,"column":4},"end":{"line":78,"column":null}},"30":{"start":{"line":76,"column":6},"end":{"line":76,"column":50}},"31":{"start":{"line":77,"column":6},"end":{"line":77,"column":15}},"32":{"start":{"line":80,"column":4},"end":{"line":83,"column":null}},"33":{"start":{"line":81,"column":6},"end":{"line":81,"column":51}},"34":{"start":{"line":82,"column":6},"end":{"line":82,"column":15}},"35":{"start":{"line":85,"column":4},"end":{"line":89,"column":null}},"36":{"start":{"line":86,"column":35},"end":{"line":86,"column":63}},"37":{"start":{"line":87,"column":6},"end":{"line":87,"column":53}},"38":{"start":{"line":88,"column":6},"end":{"line":88,"column":15}},"39":{"start":{"line":91,"column":4},"end":{"line":97,"column":null}},"40":{"start":{"line":92,"column":6},"end":{"line":96,"column":8}},"41":{"start":{"line":99,"column":4},"end":{"line":105,"column":null}},"42":{"start":{"line":100,"column":6},"end":{"line":104,"column":8}},"43":{"start":{"line":107,"column":4},"end":{"line":113,"column":null}},"44":{"start":{"line":108,"column":20},"end":{"line":108,"column":67}},"45":{"start":{"line":109,"column":6},"end":{"line":110,"column":31}},"46":{"start":{"line":111,"column":6},"end":{"line":111,"column":56}},"47":{"start":{"line":112,"column":6},"end":{"line":112,"column":36}},"48":{"start":{"line":115,"column":4},"end":{"line":121,"column":null}},"49":{"start":{"line":116,"column":20},"end":{"line":116,"column":65}},"50":{"start":{"line":117,"column":6},"end":{"line":118,"column":31}},"51":{"start":{"line":119,"column":6},"end":{"line":119,"column":54}},"52":{"start":{"line":120,"column":6},"end":{"line":120,"column":36}},"53":{"start":{"line":123,"column":4},"end":{"line":130,"column":null}},"54":{"start":{"line":124,"column":6},"end":{"line":127,"column":8}},"55":{"start":{"line":129,"column":6},"end":{"line":129,"column":15}},"56":{"start":{"line":132,"column":4},"end":{"line":132,"column":68}},"57":{"start":{"line":132,"column":27},"end":{"line":132,"column":68}},"58":{"start":{"line":135,"column":2},"end":{"line":135,"column":18}},"59":{"start":{"line":62,"column":13},"end":{"line":62,"column":49}}},"fnMap":{"0":{"name":"removeFieldsWithEmptyValue","decl":{"start":{"line":11,"column":16},"end":{"line":11,"column":42}},"loc":{"start":{"line":11,"column":53},"end":{"line":33,"column":1}}},"1":{"name":"(anonymous_2)","decl":{"start":{"line":44,"column":24},"end":{"line":44,"column":25}},"loc":{"start":{"line":44,"column":81},"end":{"line":54,"column":1}}},"2":{"name":"(anonymous_3)","decl":{"start":{"line":62,"column":49},"end":{"line":62,"column":50}},"loc":{"start":{"line":62,"column":71},"end":{"line":136,"column":1}}}},"branchMap":{"0":{"loc":{"start":{"line":14,"column":2},"end":{"line":14,"column":64}},"type":"if","locations":[{"start":{"line":14,"column":2},"end":{"line":14,"column":64}}]},"1":{"loc":{"start":{"line":14,"column":6},"end":{"line":14,"column":49}},"type":"binary-expr","locations":[{"start":{"line":14,"column":6},"end":{"line":14,"column":31}},{"start":{"line":14,"column":35},"end":{"line":14,"column":49}}]},"2":{"loc":{"start":{"line":17,"column":4},"end":{"line":20,"column":null}},"type":"if","locations":[{"start":{"line":17,"column":4},"end":{"line":20,"column":null}}]},"3":{"loc":{"start":{"line":22,"column":4},"end":{"line":25,"column":null}},"type":"if","locations":[{"start":{"line":22,"column":4},"end":{"line":25,"column":null}}]},"4":{"loc":{"start":{"line":27,"column":4},"end":{"line":29,"column":null}},"type":"if","locations":[{"start":{"line":27,"column":4},"end":{"line":29,"column":null}}]},"5":{"loc":{"start":{"line":49,"column":2},"end":{"line":51,"column":null}},"type":"if","locations":[{"start":{"line":49,"column":2},"end":{"line":51,"column":null}}]},"6":{"loc":{"start":{"line":71,"column":4},"end":{"line":73,"column":null}},"type":"if","locations":[{"start":{"line":71,"column":4},"end":{"line":73,"column":null}}]},"7":{"loc":{"start":{"line":75,"column":4},"end":{"line":78,"column":null}},"type":"if","locations":[{"start":{"line":75,"column":4},"end":{"line":78,"column":null}}]},"8":{"loc":{"start":{"line":80,"column":4},"end":{"line":83,"column":null}},"type":"if","locations":[{"start":{"line":80,"column":4},"end":{"line":83,"column":null}}]},"9":{"loc":{"start":{"line":85,"column":4},"end":{"line":89,"column":null}},"type":"if","locations":[{"start":{"line":85,"column":4},"end":{"line":89,"column":null}}]},"10":{"loc":{"start":{"line":87,"column":35},"end":{"line":87,"column":50}},"type":"binary-expr","locations":[{"start":{"line":87,"column":35},"end":{"line":87,"column":44}},{"start":{"line":87,"column":48},"end":{"line":87,"column":50}}]},"11":{"loc":{"start":{"line":91,"column":4},"end":{"line":97,"column":null}},"type":"if","locations":[{"start":{"line":91,"column":4},"end":{"line":97,"column":null}}]},"12":{"loc":{"start":{"line":93,"column":20},"end":{"line":93,"column":51}},"type":"binary-expr","locations":[{"start":{"line":93,"column":20},"end":{"line":93,"column":37}},{"start":{"line":93,"column":41},"end":{"line":93,"column":51}}]},"13":{"loc":{"start":{"line":99,"column":4},"end":{"line":105,"column":null}},"type":"if","locations":[{"start":{"line":99,"column":4},"end":{"line":105,"column":null}}]},"14":{"loc":{"start":{"line":101,"column":20},"end":{"line":101,"column":51}},"type":"binary-expr","locations":[{"start":{"line":101,"column":20},"end":{"line":101,"column":37}},{"start":{"line":101,"column":41},"end":{"line":101,"column":51}}]},"15":{"loc":{"start":{"line":107,"column":4},"end":{"line":113,"column":null}},"type":"if","locations":[{"start":{"line":107,"column":4},"end":{"line":113,"column":null}}]},"16":{"loc":{"start":{"line":107,"column":8},"end":{"line":107,"column":50}},"type":"binary-expr","locations":[{"start":{"line":107,"column":8},"end":{"line":107,"column":28}},{"start":{"line":107,"column":32},"end":{"line":107,"column":50}}]},"17":{"loc":{"start":{"line":108,"column":20},"end":{"line":108,"column":67}},"type":"binary-expr","locations":[{"start":{"line":108,"column":20},"end":{"line":108,"column":61}},{"start":{"line":108,"column":65},"end":{"line":108,"column":67}}]},"18":{"loc":{"start":{"line":109,"column":28},"end":{"line":109,"column":59}},"type":"binary-expr","locations":[{"start":{"line":109,"column":28},"end":{"line":109,"column":45}},{"start":{"line":109,"column":49},"end":{"line":109,"column":59}}]},"19":{"loc":{"start":{"line":115,"column":4},"end":{"line":121,"column":null}},"type":"if","locations":[{"start":{"line":115,"column":4},"end":{"line":121,"column":null}}]},"20":{"loc":{"start":{"line":115,"column":8},"end":{"line":115,"column":46}},"type":"binary-expr","locations":[{"start":{"line":115,"column":8},"end":{"line":115,"column":26}},{"start":{"line":115,"column":30},"end":{"line":115,"column":46}}]},"21":{"loc":{"start":{"line":116,"column":20},"end":{"line":116,"column":65}},"type":"binary-expr","locations":[{"start":{"line":116,"column":20},"end":{"line":116,"column":59}},{"start":{"line":116,"column":63},"end":{"line":116,"column":65}}]},"22":{"loc":{"start":{"line":117,"column":28},"end":{"line":117,"column":59}},"type":"binary-expr","locations":[{"start":{"line":117,"column":28},"end":{"line":117,"column":45}},{"start":{"line":117,"column":49},"end":{"line":117,"column":59}}]},"23":{"loc":{"start":{"line":123,"column":4},"end":{"line":130,"column":null}},"type":"if","locations":[{"start":{"line":123,"column":4},"end":{"line":130,"column":null}}]},"24":{"loc":{"start":{"line":132,"column":4},"end":{"line":132,"column":68}},"type":"if","locations":[{"start":{"line":132,"column":4},"end":{"line":132,"column":68}}]}},"s":{"0":2,"1":2,"2":2,"3":0,"4":0,"5":0,"6":0,"7":0,"8":0,"9":0,"10":0,"11":0,"12":0,"13":0,"14":0,"15":0,"16":2,"17":2,"18":2,"19":8,"20":8,"21":0,"22":8,"23":2,"24":2,"25":2,"26":2,"27":0,"28":0,"29":0,"30":0,"31":0,"32":0,"33":0,"34":0,"35":0,"36":0,"37":0,"38":0,"39":0,"40":0,"41":0,"42":0,"43":0,"44":0,"45":0,"46":0,"47":0,"48":0,"49":0,"50":0,"51":0,"52":0,"53":0,"54":0,"55":0,"56":0,"57":0,"58":2,"59":2},"f":{"0":0,"1":8,"2":2},"b":{"0":[0],"1":[0,0],"2":[0],"3":[0],"4":[0],"5":[0],"6":[0],"7":[0],"8":[0],"9":[0],"10":[0,0],"11":[0],"12":[0,0],"13":[0],"14":[0,0],"15":[0],"16":[0,0],"17":[0,0],"18":[0,0],"19":[0],"20":[0,0],"21":[0,0],"22":[0,0],"23":[0],"24":[0]}}
,"C:\\Users\\Public\\Downloads\\NodeJS-Workspace\\Private-API\\Product-Backend-Service\\src\\utils\\responses.ts": {"path":"C:\\Users\\Public\\Downloads\\NodeJS-Workspace\\Private-API\\Product-Backend-Service\\src\\utils\\responses.ts","statementMap":{"0":{"start":{"line":10,"column":23},"end":{"line":12,"column":1}},"1":{"start":{"line":11,"column":2},"end":{"line":11,"column":41}},"2":{"start":{"line":10,"column":13},"end":{"line":10,"column":23}},"3":{"start":{"line":14,"column":25},"end":{"line":29,"column":1}},"4":{"start":{"line":15,"column":2},"end":{"line":18,"column":null}},"5":{"start":{"line":16,"column":4},"end":{"line":16,"column":26}},"6":{"start":{"line":17,"column":4},"end":{"line":17,"column":21}},"7":{"start":{"line":20,"column":2},"end":{"line":23,"column":null}},"8":{"start":{"line":21,"column":23},"end":{"line":21,"column":46}},"9":{"start":{"line":22,"column":4},"end":{"line":22,"column":52}},"10":{"start":{"line":25,"column":2},"end":{"line":28,"column":5}},"11":{"start":{"line":14,"column":13},"end":{"line":14,"column":25}},"12":{"start":{"line":31,"column":21},"end":{"line":37,"column":1}},"13":{"start":{"line":32,"column":2},"end":{"line":32,"column":42}},"14":{"start":{"line":34,"column":2},"end":{"line":36,"column":5}},"15":{"start":{"line":31,"column":13},"end":{"line":31,"column":21}}},"fnMap":{"0":{"name":"(anonymous_0)","decl":{"start":{"line":10,"column":23},"end":{"line":10,"column":27}},"loc":{"start":{"line":10,"column":83},"end":{"line":12,"column":1}}},"1":{"name":"(anonymous_1)","decl":{"start":{"line":14,"column":25},"end":{"line":14,"column":29}},"loc":{"start":{"line":14,"column":100},"end":{"line":29,"column":1}}},"2":{"name":"(anonymous_2)","decl":{"start":{"line":31,"column":21},"end":{"line":31,"column":22}},"loc":{"start":{"line":31,"column":112},"end":{"line":37,"column":1}}}},"branchMap":{"0":{"loc":{"start":{"line":10,"column":51},"end":{"line":10,"column":69}},"type":"default-arg","locations":[{"start":{"line":10,"column":66},"end":{"line":10,"column":69}}]},"1":{"loc":{"start":{"line":14,"column":68},"end":{"line":14,"column":86}},"type":"default-arg","locations":[{"start":{"line":14,"column":83},"end":{"line":14,"column":86}}]},"2":{"loc":{"start":{"line":15,"column":2},"end":{"line":18,"column":null}},"type":"if","locations":[{"start":{"line":15,"column":2},"end":{"line":18,"column":null}}]},"3":{"loc":{"start":{"line":20,"column":2},"end":{"line":23,"column":null}},"type":"if","locations":[{"start":{"line":20,"column":2},"end":{"line":23,"column":null}}]},"4":{"loc":{"start":{"line":22,"column":16},"end":{"line":22,"column":51}},"type":"cond-expr","locations":[{"start":{"line":22,"column":37},"end":{"line":22,"column":47}},{"start":{"line":22,"column":50},"end":{"line":22,"column":51}}]},"5":{"loc":{"start":{"line":31,"column":37},"end":{"line":31,"column":78}},"type":"default-arg","locations":[{"start":{"line":31,"column":53},"end":{"line":31,"column":78}}]},"6":{"loc":{"start":{"line":31,"column":80},"end":{"line":31,"column":98}},"type":"default-arg","locations":[{"start":{"line":31,"column":95},"end":{"line":31,"column":98}}]}},"s":{"0":2,"1":0,"2":2,"3":2,"4":2,"5":0,"6":0,"7":2,"8":0,"9":0,"10":2,"11":2,"12":2,"13":0,"14":0,"15":2},"f":{"0":0,"1":2,"2":0},"b":{"0":[0],"1":[0],"2":[0],"3":[0],"4":[0,0],"5":[0],"6":[0]}}
,"C:\\Users\\Public\\Downloads\\NodeJS-Workspace\\Private-API\\Product-Backend-Service\\src\\validators\\auth.validator.ts": {"path":"C:\\Users\\Public\\Downloads\\NodeJS-Workspace\\Private-API\\Product-Backend-Service\\src\\validators\\auth.validator.ts","statementMap":{"0":{"start":{"line":1,"column":0},"end":{"line":1,"column":22}},"1":{"start":{"line":2,"column":0},"end":{"line":2,"column":44}},"2":{"start":{"line":9,"column":26},"end":{"line":29,"column":2}},"3":{"start":{"line":9,"column":51},"end":{"line":29,"column":2}},"4":{"start":{"line":10,"column":17},"end":{"line":26,"column":4}},"5":{"start":{"line":28,"column":2},"end":{"line":28,"column":32}},"6":{"start":{"line":9,"column":13},"end":{"line":9,"column":26}},"7":{"start":{"line":36,"column":27},"end":{"line":48,"column":4}},"8":{"start":{"line":36,"column":53},"end":{"line":48,"column":4}},"9":{"start":{"line":37,"column":19},"end":{"line":45,"column":6}},"10":{"start":{"line":47,"column":4},"end":{"line":47,"column":34}},"11":{"start":{"line":36,"column":15},"end":{"line":36,"column":27}}},"fnMap":{"0":{"name":"(anonymous_8)","decl":{"start":{"line":9,"column":26},"end":{"line":9,"column":33}},"loc":{"start":{"line":9,"column":51},"end":{"line":29,"column":2}}},"1":{"name":"(anonymous_9)","decl":{"start":{"line":9,"column":51},"end":{"line":9,"column":null}},"loc":{"start":{"line":9,"column":51},"end":{"line":29,"column":1}}},"2":{"name":"(anonymous_10)","decl":{"start":{"line":36,"column":27},"end":{"line":36,"column":34}},"loc":{"start":{"line":36,"column":53},"end":{"line":48,"column":4}}},"3":{"name":"(anonymous_11)","decl":{"start":{"line":36,"column":53},"end":{"line":36,"column":null}},"loc":{"start":{"line":36,"column":53},"end":{"line":48,"column":3}}}},"branchMap":{},"s":{"0":2,"1":2,"2":2,"3":2,"4":2,"5":2,"6":2,"7":2,"8":2,"9":2,"10":2,"11":2},"f":{"0":2,"1":2,"2":2,"3":2},"b":{}}
,"C:\\Users\\Public\\Downloads\\NodeJS-Workspace\\Private-API\\Product-Backend-Service\\src\\validators\\product.validator.ts": {"path":"C:\\Users\\Public\\Downloads\\NodeJS-Workspace\\Private-API\\Product-Backend-Service\\src\\validators\\product.validator.ts","statementMap":{"0":{"start":{"line":1,"column":0},"end":{"line":1,"column":22}},"1":{"start":{"line":2,"column":0},"end":{"line":2,"column":44}},"2":{"start":{"line":11,"column":29},"end":{"line":20,"column":2}},"3":{"start":{"line":11,"column":57},"end":{"line":20,"column":2}},"4":{"start":{"line":12,"column":17},"end":{"line":17,"column":11}},"5":{"start":{"line":19,"column":2},"end":{"line":19,"column":32}},"6":{"start":{"line":11,"column":13},"end":{"line":11,"column":29}},"7":{"start":{"line":22,"column":29},"end":{"line":30,"column":2}},"8":{"start":{"line":22,"column":66},"end":{"line":30,"column":2}},"9":{"start":{"line":23,"column":17},"end":{"line":28,"column":4}},"10":{"start":{"line":29,"column":2},"end":{"line":29,"column":32}},"11":{"start":{"line":22,"column":13},"end":{"line":22,"column":29}}},"fnMap":{"0":{"name":"(anonymous_8)","decl":{"start":{"line":11,"column":29},"end":{"line":11,"column":36}},"loc":{"start":{"line":11,"column":57},"end":{"line":20,"column":2}}},"1":{"name":"(anonymous_9)","decl":{"start":{"line":11,"column":57},"end":{"line":11,"column":null}},"loc":{"start":{"line":11,"column":57},"end":{"line":20,"column":1}}},"2":{"name":"(anonymous_10)","decl":{"start":{"line":22,"column":29},"end":{"line":22,"column":36}},"loc":{"start":{"line":22,"column":66},"end":{"line":30,"column":2}}},"3":{"name":"(anonymous_11)","decl":{"start":{"line":22,"column":66},"end":{"line":22,"column":null}},"loc":{"start":{"line":22,"column":66},"end":{"line":30,"column":1}}}},"branchMap":{},"s":{"0":2,"1":2,"2":2,"3":3,"4":3,"5":3,"6":2,"7":2,"8":1,"9":1,"10":1,"11":2},"f":{"0":3,"1":3,"2":1,"3":1},"b":{}}
}
