TN:
SF:src\app.ts
FNF:0
FNH:0
DA:1,2
DA:2,2
DA:3,2
DA:4,2
DA:5,2
DA:6,2
DA:8,2
DA:11,2
DA:14,2
DA:15,2
DA:17,2
LF:11
LH:11
BRF:0
BRH:0
end_of_record
TN:
SF:src\__test__\db\testDatabase.ts
FN:4,(anonymous_8)
FN:4,(anonymous_9)
FN:14,(anonymous_10)
FN:14,(anonymous_11)
FNF:4
FNH:4
FNDA:2,(anonymous_8)
FNDA:2,(anonymous_9)
FNDA:2,(anonymous_10)
FNDA:2,(anonymous_11)
DA:2,2
DA:4,2
DA:5,2
DA:6,0
DA:8,2
DA:9,2
DA:10,0
DA:14,2
DA:15,2
DA:16,2
LF:10
LH:8
BRDA:5,0,0,0
BRDA:9,1,0,0
BRDA:15,2,0,2
BRF:3
BRH:1
end_of_record
TN:
SF:src\controller\auth.controller.ts
FN:5,(anonymous_13)
FN:5,(anonymous_14)
FN:13,(anonymous_15)
FN:13,(anonymous_16)
FNF:4
FNH:4
FNDA:2,(anonymous_13)
FNDA:2,(anonymous_14)
FNDA:2,(anonymous_15)
FNDA:2,(anonymous_16)
DA:2,2
DA:3,2
DA:5,2
DA:6,2
DA:7,2
DA:9,2
DA:10,2
DA:13,2
DA:14,2
DA:15,2
DA:17,2
DA:18,2
LF:12
LH:12
BRDA:10,0,0,2
BRDA:10,0,1,0
BRDA:18,1,0,2
BRDA:18,1,1,0
BRF:4
BRH:2
end_of_record
TN:
SF:src\controller\product.controller.ts
FN:7,(anonymous_13)
FN:7,(anonymous_14)
FN:15,(anonymous_15)
FN:15,(anonymous_16)
FN:20,(anonymous_17)
FN:20,(anonymous_18)
FN:32,(anonymous_19)
FN:32,(anonymous_20)
FN:43,(anonymous_21)
FN:43,(anonymous_22)
FNF:10
FNH:10
FNDA:3,(anonymous_13)
FNDA:3,(anonymous_14)
FNDA:1,(anonymous_15)
FNDA:1,(anonymous_16)
FNDA:2,(anonymous_17)
FNDA:2,(anonymous_18)
FNDA:1,(anonymous_19)
FNDA:1,(anonymous_20)
FNDA:1,(anonymous_21)
FNDA:1,(anonymous_22)
DA:2,2
DA:3,2
DA:4,2
DA:5,2
DA:7,3
DA:8,3
DA:9,3
DA:11,3
DA:12,3
DA:15,2
DA:16,1
DA:17,1
DA:20,2
DA:25,2
DA:27,2
DA:29,2
DA:32,2
DA:33,1
DA:34,1
DA:36,1
DA:40,1
DA:43,2
DA:44,1
DA:45,1
LF:24
LH:24
BRDA:12,0,0,3
BRDA:12,0,1,0
BRDA:27,1,0,0
BRF:3
BRH:1
end_of_record
TN:
SF:src\db\database.ts
FN:14,(anonymous_1)
FN:23,(anonymous_2)
FN:27,(anonymous_3)
FN:32,(anonymous_4)
FN:33,(anonymous_5)
FNF:5
FNH:1
FNDA:0,(anonymous_1)
FNDA:2,(anonymous_2)
FNDA:0,(anonymous_3)
FNDA:0,(anonymous_4)
FNDA:0,(anonymous_5)
DA:1,2
DA:3,2
DA:4,0
DA:7,2
DA:8,0
DA:11,2
DA:13,2
DA:15,0
DA:16,0
DA:19,2
DA:21,2
DA:23,2
DA:24,2
DA:27,2
DA:28,0
DA:29,0
DA:32,2
DA:33,0
DA:34,0
DA:35,0
DA:39,2
LF:21
LH:12
BRDA:3,0,0,0
BRDA:7,1,0,0
BRDA:7,2,0,2
BRDA:7,2,1,2
BRF:4
BRH:2
end_of_record
TN:
SF:src\dto\auth.dto.ts
FN:5,(anonymous_0)
FNF:1
FNH:1
FNDA:4,(anonymous_0)
DA:1,2
DA:6,4
DA:7,4
LF:3
LH:3
BRF:0
BRH:0
end_of_record
TN:
SF:src\dto\create-product.dto.ts
FN:7,(anonymous_0)
FNF:1
FNH:1
FNDA:3,(anonymous_0)
DA:1,2
DA:8,3
DA:9,3
DA:10,3
DA:11,3
LF:5
LH:5
BRF:0
BRH:0
end_of_record
TN:
SF:src\dto\update-product.dto.ts
FN:7,(anonymous_0)
FNF:1
FNH:1
FNDA:1,(anonymous_0)
DA:1,2
DA:8,1
DA:9,1
DA:10,1
DA:11,1
LF:5
LH:5
BRF:0
BRH:0
end_of_record
TN:
SF:src\middleware\auth.middleware.ts
FN:5,(anonymous_1)
FNF:1
FNH:1
FNDA:5,(anonymous_1)
DA:2,2
DA:5,2
DA:6,5
DA:7,5
DA:8,0
DA:10,5
DA:11,5
DA:12,5
DA:13,5
DA:15,0
DA:19,2
LF:11
LH:9
BRDA:6,0,0,0
BRDA:6,0,1,5
BRDA:6,1,0,5
BRDA:6,1,1,5
BRDA:7,2,0,0
BRF:5
BRH:3
end_of_record
TN:
SF:src\models\product.model.ts
FNF:0
FNH:0
DA:1,2
DA:2,2
DA:5,2
DA:28,2
DA:30,2
LF:5
LH:5
BRF:0
BRH:0
end_of_record
TN:
SF:src\models\user.model.ts
FNF:0
FNH:0
DA:1,2
DA:4,2
DA:7,2
DA:20,2
LF:4
LH:4
BRF:0
BRH:0
end_of_record
TN:
SF:src\routes\auth.routes.ts
FNF:0
FNH:0
DA:1,2
DA:2,2
DA:3,2
DA:6,2
DA:9,2
DA:13,2
LF:6
LH:6
BRF:0
BRH:0
end_of_record
TN:
SF:src\routes\product.routes.ts
FNF:0
FNH:0
DA:1,2
DA:2,2
DA:3,2
DA:5,2
DA:7,2
DA:9,2
DA:11,2
DA:13,2
DA:15,2
DA:17,2
LF:10
LH:10
BRF:0
BRH:0
end_of_record
TN:
SF:src\services\auth.service.ts
FN:9,(anonymous_14)
FN:9,(anonymous_15)
FN:21,(anonymous_16)
FN:56,(anonymous_17)
FN:56,(anonymous_18)
FNF:5
FNH:4
FNDA:2,(anonymous_14)
FNDA:2,(anonymous_15)
FNDA:0,(anonymous_16)
FNDA:2,(anonymous_17)
FNDA:2,(anonymous_18)
DA:1,2
DA:2,2
DA:3,2
DA:6,2
DA:7,2
DA:9,2
DA:10,2
DA:11,2
DA:13,2
DA:14,0
DA:20,2
DA:22,0
DA:25,2
DA:26,0
DA:33,2
DA:34,2
DA:39,2
DA:41,2
DA:47,0
DA:48,0
DA:56,2
DA:57,2
DA:58,2
DA:59,2
DA:60,0
DA:66,2
DA:67,2
DA:68,0
DA:75,2
DA:78,2
DA:83,0
DA:84,0
LF:32
LH:23
BRDA:13,0,0,0
BRDA:25,1,0,0
BRDA:59,2,0,0
BRDA:67,3,0,0
BRDA:67,4,0,2
BRDA:67,4,1,2
BRF:6
BRH:2
end_of_record
TN:
SF:src\services\product.service.ts
FN:10,(anonymous_14)
FN:11,(anonymous_15)
FN:40,(anonymous_16)
FN:41,(anonymous_17)
FN:69,(anonymous_18)
FN:69,(anonymous_19)
FN:96,(anonymous_20)
FN:97,(anonymous_21)
FN:132,(anonymous_22)
FN:133,(anonymous_23)
FNF:10
FNH:10
FNDA:3,(anonymous_14)
FNDA:3,(anonymous_15)
FNDA:1,(anonymous_16)
FNDA:1,(anonymous_17)
FNDA:2,(anonymous_18)
FNDA:2,(anonymous_19)
FNDA:1,(anonymous_20)
FNDA:1,(anonymous_21)
FNDA:1,(anonymous_22)
FNDA:1,(anonymous_23)
DA:1,2
DA:5,2
DA:6,2
DA:7,2
DA:10,2
DA:11,3
DA:12,3
DA:13,3
DA:15,3
DA:16,0
DA:22,3
DA:23,3
DA:24,3
DA:30,0
DA:31,0
DA:40,2
DA:41,1
DA:42,1
DA:43,1
DA:45,0
DA:46,0
DA:53,0
DA:59,1
DA:60,1
DA:69,2
DA:70,2
DA:71,2
DA:73,2
DA:75,2
DA:80,2
DA:86,0
DA:87,0
DA:96,2
DA:97,1
DA:98,1
DA:99,1
DA:101,1
DA:102,0
DA:108,1
DA:116,0
DA:122,1
DA:123,1
DA:132,2
DA:133,1
DA:134,1
DA:135,1
DA:136,0
DA:137,0
DA:143,0
DA:145,0
DA:151,1
DA:152,1
LF:52
LH:38
BRDA:15,0,0,0
BRDA:45,1,0,0
BRDA:101,2,0,0
BRDA:136,3,0,0
BRF:4
BRH:0
end_of_record
TN:
SF:src\utils\helpers.ts
FN:11,removeFieldsWithEmptyValue
FN:44,(anonymous_2)
FN:62,(anonymous_3)
FNF:3
FNH:2
FNDA:0,removeFieldsWithEmptyValue
FNDA:8,(anonymous_2)
FNDA:2,(anonymous_3)
DA:2,2
DA:3,2
DA:5,2
DA:11,2
DA:12,0
DA:14,0
DA:16,0
DA:17,0
DA:18,0
DA:19,0
DA:22,0
DA:23,0
DA:24,0
DA:27,0
DA:28,0
DA:32,0
DA:35,2
DA:44,2
DA:45,8
DA:49,8
DA:50,0
DA:53,8
DA:62,2
DA:63,2
DA:70,2
DA:71,0
DA:72,0
DA:75,0
DA:76,0
DA:77,0
DA:80,0
DA:81,0
DA:82,0
DA:85,0
DA:86,0
DA:87,0
DA:88,0
DA:91,0
DA:92,0
DA:99,0
DA:100,0
DA:107,0
DA:108,0
DA:109,0
DA:111,0
DA:112,0
DA:115,0
DA:116,0
DA:117,0
DA:119,0
DA:120,0
DA:123,0
DA:124,0
DA:129,0
DA:132,0
DA:135,2
LF:56
LH:13
BRDA:14,0,0,0
BRDA:14,1,0,0
BRDA:14,1,1,0
BRDA:17,2,0,0
BRDA:22,3,0,0
BRDA:27,4,0,0
BRDA:49,5,0,0
BRDA:71,6,0,0
BRDA:75,7,0,0
BRDA:80,8,0,0
BRDA:85,9,0,0
BRDA:87,10,0,0
BRDA:87,10,1,0
BRDA:91,11,0,0
BRDA:93,12,0,0
BRDA:93,12,1,0
BRDA:99,13,0,0
BRDA:101,14,0,0
BRDA:101,14,1,0
BRDA:107,15,0,0
BRDA:107,16,0,0
BRDA:107,16,1,0
BRDA:108,17,0,0
BRDA:108,17,1,0
BRDA:109,18,0,0
BRDA:109,18,1,0
BRDA:115,19,0,0
BRDA:115,20,0,0
BRDA:115,20,1,0
BRDA:116,21,0,0
BRDA:116,21,1,0
BRDA:117,22,0,0
BRDA:117,22,1,0
BRDA:123,23,0,0
BRDA:132,24,0,0
BRF:35
BRH:0
end_of_record
TN:
SF:src\utils\responses.ts
FN:10,(anonymous_0)
FN:14,(anonymous_1)
FN:31,(anonymous_2)
FNF:3
FNH:1
FNDA:0,(anonymous_0)
FNDA:2,(anonymous_1)
FNDA:0,(anonymous_2)
DA:10,2
DA:11,0
DA:14,2
DA:15,2
DA:16,0
DA:17,0
DA:20,2
DA:21,0
DA:22,0
DA:25,2
DA:31,2
DA:32,0
DA:34,0
LF:13
LH:6
BRDA:10,0,0,0
BRDA:14,1,0,0
BRDA:15,2,0,0
BRDA:20,3,0,0
BRDA:22,4,0,0
BRDA:22,4,1,0
BRDA:31,5,0,0
BRDA:31,6,0,0
BRF:8
BRH:0
end_of_record
TN:
SF:src\validators\auth.validator.ts
FN:9,(anonymous_8)
FN:9,(anonymous_9)
FN:36,(anonymous_10)
FN:36,(anonymous_11)
FNF:4
FNH:4
FNDA:2,(anonymous_8)
FNDA:2,(anonymous_9)
FNDA:2,(anonymous_10)
FNDA:2,(anonymous_11)
DA:1,2
DA:2,2
DA:9,2
DA:10,2
DA:28,2
DA:36,2
DA:37,2
DA:47,2
LF:8
LH:8
BRF:0
BRH:0
end_of_record
TN:
SF:src\validators\product.validator.ts
FN:11,(anonymous_8)
FN:11,(anonymous_9)
FN:22,(anonymous_10)
FN:22,(anonymous_11)
FNF:4
FNH:4
FNDA:3,(anonymous_8)
FNDA:3,(anonymous_9)
FNDA:1,(anonymous_10)
FNDA:1,(anonymous_11)
DA:1,2
DA:2,2
DA:11,3
DA:12,3
DA:19,3
DA:22,2
DA:23,1
DA:29,1
LF:8
LH:8
BRF:0
BRH:0
end_of_record
